<----------------------------------->
Tue Jan 19 16:32:42 2021

IIPImage Server. Version 1.1
*** Ruven Pillay <ruven@users.sourceforge.net> ***

Verbosity level set to 10
Running in FCGI mode

Setting maximum image cache size to 10MB
Setting filesystem prefix to '/images/'
Setting default JPEG quality to 90
Setting maximum CVT size to 3000
Setting HTTP Cache-Control header to 'max-age=86400'
Setting 3D file sequence name pattern to '_pyr_'
Memcached support enabled. Connected to servers: 'localhost' with timeout 86400


Initialisation Complete.
<----------------------------------->

<----------------------------------->
Tue Jan 19 16:33:44 2021

IIPImage Server. Version 1.1
*** Ruven Pillay <ruven@users.sourceforge.net> ***

Verbosity level set to 10
Running in FCGI mode

Setting maximum image cache size to 10MB
Setting filesystem prefix to '/images/'
Setting default JPEG quality to 90
Setting maximum CVT size to 3000
Setting HTTP Cache-Control header to 'max-age=86400'
Setting 3D file sequence name pattern to '_pyr_'
Memcached support enabled. Connected to servers: 'localhost' with timeout 86400


Initialisation Complete.
<----------------------------------->

<----------------------------------->
Tue Jan 19 16:34:10 2021

IIPImage Server. Version 1.1
*** Ruven Pillay <ruven@users.sourceforge.net> ***

Verbosity level set to 10
Running in FCGI mode

Setting maximum image cache size to 10MB
Setting filesystem prefix to '/images/'
Setting default JPEG quality to 90
Setting maximum CVT size to 3000
Setting HTTP Cache-Control header to 'max-age=86400'
Setting 3D file sequence name pattern to '_pyr_'
Memcached support enabled. Connected to servers: 'localhost' with timeout 86400


Initialisation Complete.
<----------------------------------->

<----------------------------------->
Tue Jan 19 17:34:40 2021

IIPImage Server. Version 1.1
*** Ruven Pillay <ruven@users.sourceforge.net> ***

Verbosity level set to 10
Running in FCGI mode

Setting maximum image cache size to 10MB
Setting filesystem prefix to '/images/'
Setting default JPEG quality to 90
Setting maximum CVT size to 3000
Setting HTTP Cache-Control header to 'max-age=86400'
Setting 3D file sequence name pattern to '_pyr_'
Memcached support enabled. Connected to servers: 'localhost' with timeout 86400


Initialisation Complete.
<----------------------------------->

<----------------------------------->
Tue Jan 19 17:35:31 2021

IIPImage Server. Version 1.1
*** Ruven Pillay <ruven@users.sourceforge.net> ***

Verbosity level set to 10
Running in FCGI mode

Setting maximum image cache size to 10MB
Setting filesystem prefix to '/images/'
Setting default JPEG quality to 90
Setting maximum CVT size to 3000
Setting HTTP Cache-Control header to 'max-age=86400'
Setting 3D file sequence name pattern to '_pyr_'
Memcached support enabled. Connected to servers: 'localhost' with timeout 86400


Initialisation Complete.
<----------------------------------->

<----------------------------------->
Tue Jan 19 17:38:29 2021

IIPImage Server. Version 1.1
*** Ruven Pillay <ruven@users.sourceforge.net> ***

Verbosity level set to 10
Running in FCGI mode

Setting maximum image cache size to 10MB
Setting filesystem prefix to '/images/'
Setting default JPEG quality to 90
Setting maximum CVT size to 3000
Setting HTTP Cache-Control header to 'max-age=86400'
Setting 3D file sequence name pattern to '_pyr_'
Memcached support enabled. Connected to servers: 'localhost' with timeout 86400


Initialisation Complete.
<----------------------------------->

<----------------------------------->
Tue Jan 19 17:54:48 2021

IIPImage Server. Version 1.1
*** Ruven Pillay <ruven@users.sourceforge.net> ***

Verbosity level set to 10
Running in FCGI mode

Setting maximum image cache size to 10MB
Setting filesystem prefix to '/images/'
Setting default JPEG quality to 90
Setting maximum CVT size to 3000
Setting HTTP Cache-Control header to 'max-age=86400'
Setting 3D file sequence name pattern to '_pyr_'
Memcached support enabled. Connected to servers: 'localhost' with timeout 86400


Initialisation Complete.
<----------------------------------->

<----------------------------------->
Tue Jan 19 18:08:18 2021

IIPImage Server. Version 1.1
*** Ruven Pillay <ruven@users.sourceforge.net> ***

Verbosity level set to 10
Running in FCGI mode

Setting maximum image cache size to 10MB
Setting filesystem prefix to '/images/'
Setting default JPEG quality to 90
Setting maximum CVT size to 3000
Setting HTTP Cache-Control header to 'max-age=86400'
Setting 3D file sequence name pattern to '_pyr_'
Memcached support enabled. Connected to servers: 'localhost' with timeout 86400


Initialisation Complete.
<----------------------------------->

<----------------------------------->
Tue Jan 19 18:14:00 2021

IIPImage Server. Version 1.1
*** Ruven Pillay <ruven@users.sourceforge.net> ***

Verbosity level set to 10
Running in FCGI mode

Setting maximum image cache size to 10MB
Setting filesystem prefix to '/images/'
Setting default JPEG quality to 90
Setting maximum CVT size to 3000
Setting HTTP Cache-Control header to 'max-age=86400'
Setting 3D file sequence name pattern to '_pyr_'
Memcached support enabled. Connected to servers: 'localhost' with timeout 86400


Initialisation Complete.
<----------------------------------->

<----------------------------------->
Tue Jan 19 18:34:28 2021

IIPImage Server. Version 1.1
*** Ruven Pillay <ruven@users.sourceforge.net> ***

Verbosity level set to 10
Running in FCGI mode

Setting maximum image cache size to 10MB
Setting filesystem prefix to '/images/'
Setting default JPEG quality to 90
Setting maximum CVT size to 3000
Setting HTTP Cache-Control header to 'max-age=86400'
Setting 3D file sequence name pattern to '_pyr_'
Memcached support enabled. Connected to servers: 'localhost' with timeout 86400


Initialisation Complete.
<----------------------------------->

